<?xml version="1.0" encoding="UTF-8"?>
<!-- Generated by org.testng.reporters.JUnitXMLReporter -->
<testsuite hostname="DESKTOP-4AV9BEB" ignored="0" name="Test1" tests="3" failures="0" timestamp="14 Nov 2019 11:52:08 GMT" time="0.036" errors="0">
  <testcase name="test1" time="0.003" classname="mavenpkg.parameterpass"/>
  <testcase name="test1" time="0.008" classname="mavenpkg.parameterpass"/>
  <testcase name="test1" time="0.007" classname="mavenpkg.parameterpass"/>
</testsuite> <!-- Test1 -->
