<?xml version="1.0" encoding="UTF-8"?>
<testng-results skipped="0" failed="0" ignored="0" total="1" passed="1">
  <reporter-output>
  </reporter-output>
  <suite name="Default suite" duration-ms="11522" started-at="2019-11-15T06:52:36Z" finished-at="2019-11-15T06:52:47Z">
    <groups>
    </groups>
    <test name="Default test" duration-ms="11522" started-at="2019-11-15T06:52:36Z" finished-at="2019-11-15T06:52:47Z">
      <class name="mavenpkg.parameterpass">
        <test-method status="PASS" signature="open()[pri:0, instance:mavenpkg.parameterpass@402a079c]" name="open" duration-ms="11439" started-at="2019-11-15T06:52:36Z" finished-at="2019-11-15T06:52:47Z">
          <reporter-output>
          </reporter-output>
        </test-method> <!-- open -->
      </class> <!-- mavenpkg.parameterpass -->
    </test> <!-- Default test -->
  </suite> <!-- Default suite -->
</testng-results>
